Determining if the pthread_create exist failed with the following output:
Change Dir: /home/osamalegendary/Desktop/FYP/robot description practice/build/CMakeFiles/CMakeTmp

Run Build Command:"/usr/bin/make" "cmTC_5035f/fast"
/usr/bin/make -f CMakeFiles/cmTC_5035f.dir/build.make CMakeFiles/cmTC_5035f.dir/build
make[1]: Entering directory '/home/osamalegendary/Desktop/FYP/robot description practice/build/CMakeFiles/CMakeTmp'
Building C object CMakeFiles/cmTC_5035f.dir/CheckSymbolExists.c.o
/usr/bin/cc     -o CMakeFiles/cmTC_5035f.dir/CheckSymbolExists.c.o   -c "/home/osamalegendary/Desktop/FYP/robot description practice/build/CMakeFiles/CMakeTmp/CheckSymbolExists.c"
Linking C executable cmTC_5035f
/usr/bin/cmake -E cmake_link_script CMakeFiles/cmTC_5035f.dir/link.txt --verbose=1
/usr/bin/cc       CMakeFiles/cmTC_5035f.dir/CheckSymbolExists.c.o  -o cmTC_5035f -rdynamic 
CMakeFiles/cmTC_5035f.dir/CheckSymbolExists.c.o: In function `main':
CheckSymbolExists.c:(.text+0x16): undefined reference to `pthread_create'
collect2: error: ld returned 1 exit status
CMakeFiles/cmTC_5035f.dir/build.make:97: recipe for target 'cmTC_5035f' failed
make[1]: *** [cmTC_5035f] Error 1
make[1]: Leaving directory '/home/osamalegendary/Desktop/FYP/robot description practice/build/CMakeFiles/CMakeTmp'
Makefile:126: recipe for target 'cmTC_5035f/fast' failed
make: *** [cmTC_5035f/fast] Error 2

File /home/osamalegendary/Desktop/FYP/robot description practice/build/CMakeFiles/CMakeTmp/CheckSymbolExists.c:
/* */
#include <pthread.h>

int main(int argc, char** argv)
{
  (void)argv;
#ifndef pthread_create
  return ((int*)(&pthread_create))[argc];
#else
  (void)argc;
  return 0;
#endif
}

Determining if the function pthread_create exists in the pthreads failed with the following output:
Change Dir: /home/osamalegendary/Desktop/FYP/robot description practice/build/CMakeFiles/CMakeTmp

Run Build Command:"/usr/bin/make" "cmTC_4be51/fast"
/usr/bin/make -f CMakeFiles/cmTC_4be51.dir/build.make CMakeFiles/cmTC_4be51.dir/build
make[1]: Entering directory '/home/osamalegendary/Desktop/FYP/robot description practice/build/CMakeFiles/CMakeTmp'
Building C object CMakeFiles/cmTC_4be51.dir/CheckFunctionExists.c.o
/usr/bin/cc    -DCHECK_FUNCTION_EXISTS=pthread_create   -o CMakeFiles/cmTC_4be51.dir/CheckFunctionExists.c.o   -c /usr/share/cmake-3.5/Modules/CheckFunctionExists.c
Linking C executable cmTC_4be51
/usr/bin/cmake -E cmake_link_script CMakeFiles/cmTC_4be51.dir/link.txt --verbose=1
/usr/bin/cc   -DCHECK_FUNCTION_EXISTS=pthread_create    CMakeFiles/cmTC_4be51.dir/CheckFunctionExists.c.o  -o cmTC_4be51 -rdynamic -lpthreads 
/usr/bin/ld: cannot find -lpthreads
collect2: error: ld returned 1 exit status
CMakeFiles/cmTC_4be51.dir/build.make:97: recipe for target 'cmTC_4be51' failed
make[1]: *** [cmTC_4be51] Error 1
make[1]: Leaving directory '/home/osamalegendary/Desktop/FYP/robot description practice/build/CMakeFiles/CMakeTmp'
Makefile:126: recipe for target 'cmTC_4be51/fast' failed
make: *** [cmTC_4be51/fast] Error 2


